ref3-staticArray/Reflection3/app/build/intermediates/manifest_merge_blame_file/release/manifest-merger-blame-release-report.txt
1<?xml version="1.0" encoding="utf-8"?>
2<manifest xmlns:android="http://schemas.android.com/apk/res/android"
3    package="de.ecspride"
4    android:versionCode="1"
5    android:versionName="1.0" >
6
7    <uses-sdk
7-->src\main\AndroidManifest.xml:7:5-9:41
8        android:minSdkVersion="8"
8-->src\main\AndroidManifest.xml:8:9-34
9        android:targetSdkVersion="17" />
9-->src\main\AndroidManifest.xml:9:9-38
10
11    <uses-permission android:name="android.permission.READ_PHONE_STATE" />
11-->src\main\AndroidManifest.xml:11:5-75
11-->src\main\AndroidManifest.xml:11:22-72
12    <uses-permission android:name="android.permission.SEND_SMS" />
12-->src\main\AndroidManifest.xml:12:5-67
12-->src\main\AndroidManifest.xml:12:22-64
13
14    <application
14-->src\main\AndroidManifest.xml:14:5-28:19
15        android:allowBackup="true"
15-->src\main\AndroidManifest.xml:15:9-35
16        android:icon="@drawable/ic_launcher"
16-->src\main\AndroidManifest.xml:16:9-45
17        android:label="@string/app_name"
17-->src\main\AndroidManifest.xml:17:9-41
18        android:theme="@style/AppTheme" >
18-->src\main\AndroidManifest.xml:18:9-40
19        <activity
19-->src\main\AndroidManifest.xml:19:9-27:20
20            android:name="de.ecspride.MainActivity"
20-->src\main\AndroidManifest.xml:20:13-52
21            android:label="@string/app_name" >
21-->src\main\AndroidManifest.xml:21:13-45
22            <intent-filter>
22-->src\main\AndroidManifest.xml:22:13-26:29
23                <action android:name="android.intent.action.MAIN" />
23-->src\main\AndroidManifest.xml:23:17-69
23-->src\main\AndroidManifest.xml:23:25-66
24
25                <category android:name="android.intent.category.LAUNCHER" />
25-->src\main\AndroidManifest.xml:25:17-77
25-->src\main\AndroidManifest.xml:25:27-74
26            </intent-filter>
27        </activity>
28    </application>
29
30</manifest>